Using pre-set license
Built from '2021.3/staging' branch; Version is '2021.3.19f1 (c9714fde33b6) revision 13201743'; Using compiler version '192829333'; Build Type 'Release'
OS: 'Windows 11  (10.0.22621) 64bit CoreSingleLanguage' Language: 'en' Physical Memory: 16226 MB
BatchMode: 1, IsHumanControllingUs: 0, StartBugReporterOnCrash: 0, Is64bit: 1, IsPro: 1

COMMAND LINE ARGUMENTS:
C:\Program Files\Unity\Hub\Editor\2021.3.19f1\Editor\Unity.exe
-adb2
-batchMode
-noUpm
-name
AssetImportWorker0
-projectPath
D:/Magang Oluss/3D_4_integrated_6
-logFile
Logs/AssetImportWorker0.log
-srvPort
61358
Successfully changed project path to: D:/Magang Oluss/3D_4_integrated_6
D:/Magang Oluss/3D_4_integrated_6
[UnityMemory] Configuration Parameters - Can be set up in boot.config
    "memorysetup-bucket-allocator-granularity=16"
    "memorysetup-bucket-allocator-bucket-count=8"
    "memorysetup-bucket-allocator-block-size=33554432"
    "memorysetup-bucket-allocator-block-count=8"
    "memorysetup-main-allocator-block-size=16777216"
    "memorysetup-thread-allocator-block-size=16777216"
    "memorysetup-gfx-main-allocator-block-size=16777216"
    "memorysetup-gfx-thread-allocator-block-size=16777216"
    "memorysetup-cache-allocator-block-size=4194304"
    "memorysetup-typetree-allocator-block-size=2097152"
    "memorysetup-profiler-bucket-allocator-granularity=16"
    "memorysetup-profiler-bucket-allocator-bucket-count=8"
    "memorysetup-profiler-bucket-allocator-block-size=33554432"
    "memorysetup-profiler-bucket-allocator-block-count=8"
    "memorysetup-profiler-allocator-block-size=16777216"
    "memorysetup-profiler-editor-allocator-block-size=1048576"
    "memorysetup-temp-allocator-size-main=16777216"
    "memorysetup-job-temp-allocator-block-size=2097152"
    "memorysetup-job-temp-allocator-block-size-background=1048576"
    "memorysetup-job-temp-allocator-reduction-small-platforms=262144"
    "memorysetup-temp-allocator-size-background-worker=32768"
    "memorysetup-temp-allocator-size-job-worker=262144"
    "memorysetup-temp-allocator-size-preload-manager=33554432"
    "memorysetup-temp-allocator-size-nav-mesh-worker=65536"
    "memorysetup-temp-allocator-size-audio-worker=65536"
    "memorysetup-temp-allocator-size-cloud-worker=32768"
    "memorysetup-temp-allocator-size-gi-baking-worker=262144"
    "memorysetup-temp-allocator-size-gfx=262144"
Player connection [20500] Host "[IP] 192.168.18.205 [Port] 0 [Flags] 2 [Guid] 1179439146 [EditorId] 1179439146 [Version] 1048832 [Id] WindowsEditor(7,MSI) [Debug] 1 [PackageName] WindowsEditor [ProjectName] Editor" joined multi-casting on [225.0.0.222:54997]...

Player connection [20500] Host "[IP] 192.168.18.205 [Port] 0 [Flags] 2 [Guid] 1179439146 [EditorId] 1179439146 [Version] 1048832 [Id] WindowsEditor(7,MSI) [Debug] 1 [PackageName] WindowsEditor [ProjectName] Editor" joined alternative multi-casting on [225.0.0.222:34997]...

Multiple plugins with the same name 'fbgemm' (found at 'Assets/Scripts/Python/python/Lib/site-packages/torch/lib/fbgemm.dll' and 'Assets/Scripts/Python/python/Lib/site-packages/torch/bin/fbgemm.dll'). That means one or more plugins are set to be compatible with Editor. Only one plugin at the time can be used by Editor.
Multiple plugins with the same name 'vcruntime140_1' (found at 'Assets/Scripts/Python/python/vcruntime140_1.dll' and 'Assets/Scripts/Python/python/Lib/site-packages/pandas/_libs/window/vcruntime140_1.dll'). That means one or more plugins are set to be compatible with Editor. Only one plugin at the time can be used by Editor.
Multiple plugins with the same name 'asmjit' (found at 'Assets/Scripts/Python/python/Lib/site-packages/torch/lib/asmjit.dll' and 'Assets/Scripts/Python/python/Lib/site-packages/torch/bin/asmjit.dll'). That means one or more plugins are set to be compatible with Editor. Only one plugin at the time can be used by Editor.
Refreshing native plugins compatible for Editor in 2453.75 ms, found 31 plugins.
Preloading 0 native plugins for Editor in 0.00 ms.
Initialize engine version: 2021.3.19f1 (c9714fde33b6)
[Subsystems] Discovering subsystems at path C:/Program Files/Unity/Hub/Editor/2021.3.19f1/Editor/Data/Resources/UnitySubsystems
[Subsystems] Discovering subsystems at path D:/Magang Oluss/3D_4_integrated_6/Assets
GfxDevice: creating device client; threaded=0; jobified=0
Direct3D:
    Version:  Direct3D 11.0 [level 11.1]
    Renderer: NVIDIA GeForce GTX 1650 (ID=0x1f91)
    Vendor:   NVIDIA
    VRAM:     3962 MB
    Driver:   30.0.14.9709
Initialize mono
Mono path[0] = 'C:/Program Files/Unity/Hub/Editor/2021.3.19f1/Editor/Data/Managed'
Mono path[1] = 'C:/Program Files/Unity/Hub/Editor/2021.3.19f1/Editor/Data/MonoBleedingEdge/lib/mono/unityjit-win32'
Mono config path = 'C:/Program Files/Unity/Hub/Editor/2021.3.19f1/Editor/Data/MonoBleedingEdge/etc'
Using monoOptions --debugger-agent=transport=dt_socket,embedding=1,server=y,suspend=n,address=127.0.0.1:56408
Begin MonoManager ReloadAssembly
Registering precompiled unity dll's ...
Register platform support module: C:/Program Files/Unity/Hub/Editor/2021.3.19f1/Editor/Data/PlaybackEngines/WindowsStandaloneSupport/UnityEditor.WindowsStandalone.Extensions.dll
Registered in 0.005159 seconds.
Native extension for WindowsStandalone target not found
Multiple plugins with the same name 'fbgemm' (found at 'Assets/Scripts/Python/python/Lib/site-packages/torch/lib/fbgemm.dll' and 'Assets/Scripts/Python/python/Lib/site-packages/torch/bin/fbgemm.dll'). That means one or more plugins are set to be compatible with Editor. Only one plugin at the time can be used by Editor.
Multiple plugins with the same name 'vcruntime140_1' (found at 'Assets/Scripts/Python/python/vcruntime140_1.dll' and 'Assets/Scripts/Python/python/Lib/site-packages/pandas/_libs/window/vcruntime140_1.dll'). That means one or more plugins are set to be compatible with Editor. Only one plugin at the time can be used by Editor.
Multiple plugins with the same name 'asmjit' (found at 'Assets/Scripts/Python/python/Lib/site-packages/torch/lib/asmjit.dll' and 'Assets/Scripts/Python/python/Lib/site-packages/torch/bin/asmjit.dll'). That means one or more plugins are set to be compatible with Editor. Only one plugin at the time can be used by Editor.
Refreshing native plugins compatible for Editor in 429.88 ms, found 31 plugins.
Preloading 0 native plugins for Editor in 0.00 ms.
Mono: successfully reloaded assembly
- Completed reload, in  1.240 seconds
Domain Reload Profiling:
	ReloadAssembly (1241ms)
		BeginReloadAssembly (84ms)
			ExecutionOrderSort (0ms)
			DisableScriptedObjects (0ms)
			BackupInstance (0ms)
			ReleaseScriptingObjects (0ms)
			CreateAndSetChildDomain (1ms)
		EndReloadAssembly (1034ms)
			LoadAssemblies (82ms)
			RebuildTransferFunctionScriptingTraits (0ms)
			SetupTypeCache (116ms)
			ReleaseScriptCaches (0ms)
			RebuildScriptCaches (32ms)
			SetupLoadedEditorAssemblies (634ms)
				LogAssemblyErrors (0ms)
				InitializePlatformSupportModulesInManaged (7ms)
				SetLoadedEditorAssemblies (0ms)
				RefreshPlugins (430ms)
				BeforeProcessingInitializeOnLoad (1ms)
				ProcessInitializeOnLoadAttributes (141ms)
				ProcessInitializeOnLoadMethodAttributes (54ms)
				AfterProcessingInitializeOnLoad (0ms)
				EditorAssembliesLoaded (0ms)
			ExecutionOrderSort2 (0ms)
			AwakeInstancesAfterBackupRestoration (0ms)
Platform modules already initialized, skipping
Registering precompiled user dll's ...
Registered in 0.013555 seconds.
Begin MonoManager ReloadAssembly
Symbol file LoadedFromMemory doesn't match image D:\Magang Oluss\3D_4_integrated_6\Library\PackageCache\com.unity.visualscripting@1.8.0\Editor\VisualScripting.Core\Dependencies\DotNetZip\Unity.VisualScripting.IonicZip.dll
Symbol file LoadedFromMemory doesn't match image D:\Magang Oluss\3D_4_integrated_6\Library\PackageCache\com.unity.visualscripting@1.8.0\Editor\VisualScripting.Core\Dependencies\YamlDotNet\Unity.VisualScripting.YamlDotNet.dll
Native extension for WindowsStandalone target not found
Multiple plugins with the same name 'fbgemm' (found at 'Assets/Scripts/Python/python/Lib/site-packages/torch/lib/fbgemm.dll' and 'Assets/Scripts/Python/python/Lib/site-packages/torch/bin/fbgemm.dll'). That means one or more plugins are set to be compatible with Editor. Only one plugin at the time can be used by Editor.
Multiple plugins with the same name 'vcruntime140_1' (found at 'Assets/Scripts/Python/python/vcruntime140_1.dll' and 'Assets/Scripts/Python/python/Lib/site-packages/pandas/_libs/window/vcruntime140_1.dll'). That means one or more plugins are set to be compatible with Editor. Only one plugin at the time can be used by Editor.
Multiple plugins with the same name 'asmjit' (found at 'Assets/Scripts/Python/python/Lib/site-packages/torch/lib/asmjit.dll' and 'Assets/Scripts/Python/python/Lib/site-packages/torch/bin/asmjit.dll'). That means one or more plugins are set to be compatible with Editor. Only one plugin at the time can be used by Editor.
Refreshing native plugins compatible for Editor in 79.21 ms, found 31 plugins.
Preloading 0 native plugins for Editor in 0.00 ms.
Mono: successfully reloaded assembly
- Completed reload, in  1.522 seconds
Domain Reload Profiling:
	ReloadAssembly (1523ms)
		BeginReloadAssembly (151ms)
			ExecutionOrderSort (0ms)
			DisableScriptedObjects (7ms)
			BackupInstance (0ms)
			ReleaseScriptingObjects (0ms)
			CreateAndSetChildDomain (27ms)
		EndReloadAssembly (1244ms)
			LoadAssemblies (90ms)
			RebuildTransferFunctionScriptingTraits (0ms)
			SetupTypeCache (293ms)
			ReleaseScriptCaches (1ms)
			RebuildScriptCaches (81ms)
			SetupLoadedEditorAssemblies (551ms)
				LogAssemblyErrors (0ms)
				InitializePlatformSupportModulesInManaged (5ms)
				SetLoadedEditorAssemblies (0ms)
				RefreshPlugins (79ms)
				BeforeProcessingInitializeOnLoad (87ms)
				ProcessInitializeOnLoadAttributes (352ms)
				ProcessInitializeOnLoadMethodAttributes (19ms)
				AfterProcessingInitializeOnLoad (7ms)
				EditorAssembliesLoaded (0ms)
			ExecutionOrderSort2 (0ms)
			AwakeInstancesAfterBackupRestoration (10ms)
Platform modules already initialized, skipping
========================================================================
Worker process is ready to serve import requests
Launched and connected shader compiler UnityShaderCompiler.exe after 0.07 seconds
Multiple plugins with the same name 'fbgemm' (found at 'Assets/Scripts/Python/python/Lib/site-packages/torch/lib/fbgemm.dll' and 'Assets/Scripts/Python/python/Lib/site-packages/torch/bin/fbgemm.dll'). That means one or more plugins are set to be compatible with Editor. Only one plugin at the time can be used by Editor.
Multiple plugins with the same name 'vcruntime140_1' (found at 'Assets/Scripts/Python/python/vcruntime140_1.dll' and 'Assets/Scripts/Python/python/Lib/site-packages/pandas/_libs/window/vcruntime140_1.dll'). That means one or more plugins are set to be compatible with Editor. Only one plugin at the time can be used by Editor.
Multiple plugins with the same name 'asmjit' (found at 'Assets/Scripts/Python/python/Lib/site-packages/torch/lib/asmjit.dll' and 'Assets/Scripts/Python/python/Lib/site-packages/torch/bin/asmjit.dll'). That means one or more plugins are set to be compatible with Editor. Only one plugin at the time can be used by Editor.
Refreshing native plugins compatible for Editor in 64.02 ms, found 31 plugins.
Preloading 0 native plugins for Editor in 0.00 ms.
Unloading 11600 Unused Serialized files (Serialized files now loaded: 0)
Unloading 8477 unused Assets / (1.6 MB). Loaded Objects now: 3631.
Memory consumption went from 372.5 MB to 370.9 MB.
Total: 8.541700 ms (FindLiveObjects: 1.075900 ms CreateObjectMapping: 1.385300 ms MarkObjects: 3.402300 ms  DeleteObjects: 2.677000 ms)

AssetImportParameters requested are different than current active one (requested -> active):
  custom:video-decoder-ogg-theora: a1e56fd34408186e4bbccfd4996cb3dc -> 
  custom:container-muxer-webm: aa71ff27fc2769a1b78a27578f13a17b -> 
  custom:container-demuxer-webm: 4f35f7cbe854078d1ac9338744f61a02 -> 
  custom:video-encoder-webm-vp8: eb34c28f22e8b96e1ab97ce403110664 -> 
  custom:audio-encoder-webm-vorbis: bf7c407c2cedff20999df2af8eb42d56 -> 
  custom:framework-win-MediaFoundation: 216162199b28c13a410421893ffa2e32 -> 
  custom:container-demuxer-ogg: 62fdf1f143b41e24485cea50d1cbac27 -> 
  custom:video-decoder-webm-vp8: 9c59270c3fd7afecdb556c50c9e8de78 -> 
  custom:audio-decoder-ogg-vorbis: bf7c407c2cedff20999df2af8eb42d56 -> 
========================================================================
Received Prepare
Registering precompiled user dll's ...
Registered in 0.020338 seconds.
Begin MonoManager ReloadAssembly
Symbol file LoadedFromMemory doesn't match image D:\Magang Oluss\3D_4_integrated_6\Library\PackageCache\com.unity.visualscripting@1.8.0\Editor\VisualScripting.Core\Dependencies\DotNetZip\Unity.VisualScripting.IonicZip.dll
Symbol file LoadedFromMemory doesn't match image D:\Magang Oluss\3D_4_integrated_6\Library\PackageCache\com.unity.visualscripting@1.8.0\Editor\VisualScripting.Core\Dependencies\YamlDotNet\Unity.VisualScripting.YamlDotNet.dll
Native extension for WindowsStandalone target not found
Multiple plugins with the same name 'fbgemm' (found at 'Assets/Scripts/Python/python/Lib/site-packages/torch/lib/fbgemm.dll' and 'Assets/Scripts/Python/python/Lib/site-packages/torch/bin/fbgemm.dll'). That means one or more plugins are set to be compatible with Editor. Only one plugin at the time can be used by Editor.
Multiple plugins with the same name 'vcruntime140_1' (found at 'Assets/Scripts/Python/python/vcruntime140_1.dll' and 'Assets/Scripts/Python/python/Lib/site-packages/pandas/_libs/window/vcruntime140_1.dll'). That means one or more plugins are set to be compatible with Editor. Only one plugin at the time can be used by Editor.
Multiple plugins with the same name 'asmjit' (found at 'Assets/Scripts/Python/python/Lib/site-packages/torch/lib/asmjit.dll' and 'Assets/Scripts/Python/python/Lib/site-packages/torch/bin/asmjit.dll'). That means one or more plugins are set to be compatible with Editor. Only one plugin at the time can be used by Editor.
Refreshing native plugins compatible for Editor in 74.92 ms, found 31 plugins.
Preloading 0 native plugins for Editor in 0.00 ms.
Mono: successfully reloaded assembly
- Completed reload, in  1.458 seconds
Domain Reload Profiling:
	ReloadAssembly (1458ms)
		BeginReloadAssembly (159ms)
			ExecutionOrderSort (0ms)
			DisableScriptedObjects (8ms)
			BackupInstance (0ms)
			ReleaseScriptingObjects (0ms)
			CreateAndSetChildDomain (39ms)
		EndReloadAssembly (1188ms)
			LoadAssemblies (93ms)
			RebuildTransferFunctionScriptingTraits (0ms)
			SetupTypeCache (387ms)
			ReleaseScriptCaches (1ms)
			RebuildScriptCaches (44ms)
			SetupLoadedEditorAssemblies (419ms)
				LogAssemblyErrors (0ms)
				InitializePlatformSupportModulesInManaged (14ms)
				SetLoadedEditorAssemblies (1ms)
				RefreshPlugins (75ms)
				BeforeProcessingInitializeOnLoad (73ms)
				ProcessInitializeOnLoadAttributes (227ms)
				ProcessInitializeOnLoadMethodAttributes (20ms)
				AfterProcessingInitializeOnLoad (9ms)
				EditorAssembliesLoaded (0ms)
			ExecutionOrderSort2 (0ms)
			AwakeInstancesAfterBackupRestoration (11ms)
Platform modules already initialized, skipping
Multiple plugins with the same name 'fbgemm' (found at 'Assets/Scripts/Python/python/Lib/site-packages/torch/lib/fbgemm.dll' and 'Assets/Scripts/Python/python/Lib/site-packages/torch/bin/fbgemm.dll'). That means one or more plugins are set to be compatible with Editor. Only one plugin at the time can be used by Editor.
Multiple plugins with the same name 'vcruntime140_1' (found at 'Assets/Scripts/Python/python/vcruntime140_1.dll' and 'Assets/Scripts/Python/python/Lib/site-packages/pandas/_libs/window/vcruntime140_1.dll'). That means one or more plugins are set to be compatible with Editor. Only one plugin at the time can be used by Editor.
Multiple plugins with the same name 'asmjit' (found at 'Assets/Scripts/Python/python/Lib/site-packages/torch/lib/asmjit.dll' and 'Assets/Scripts/Python/python/Lib/site-packages/torch/bin/asmjit.dll'). That means one or more plugins are set to be compatible with Editor. Only one plugin at the time can be used by Editor.
Refreshing native plugins compatible for Editor in 630.57 ms, found 31 plugins.
Preloading 0 native plugins for Editor in 0.00 ms.
Unloading 11582 Unused Serialized files (Serialized files now loaded: 0)
Unloading 8470 unused Assets / (1.6 MB). Loaded Objects now: 3634.
Memory consumption went from 371.0 MB to 369.4 MB.
Total: 7.664200 ms (FindLiveObjects: 0.986800 ms CreateObjectMapping: 1.191200 ms MarkObjects: 2.613300 ms  DeleteObjects: 2.871300 ms)

AssetImportParameters requested are different than current active one (requested -> active):
  custom:video-decoder-ogg-theora: a1e56fd34408186e4bbccfd4996cb3dc -> 
  custom:container-muxer-webm: aa71ff27fc2769a1b78a27578f13a17b -> 
  custom:container-demuxer-webm: 4f35f7cbe854078d1ac9338744f61a02 -> 
  custom:video-encoder-webm-vp8: eb34c28f22e8b96e1ab97ce403110664 -> 
  custom:audio-encoder-webm-vorbis: bf7c407c2cedff20999df2af8eb42d56 -> 
  custom:framework-win-MediaFoundation: 216162199b28c13a410421893ffa2e32 -> 
  custom:container-demuxer-ogg: 62fdf1f143b41e24485cea50d1cbac27 -> 
  custom:video-decoder-webm-vp8: 9c59270c3fd7afecdb556c50c9e8de78 -> 
  custom:audio-decoder-ogg-vorbis: bf7c407c2cedff20999df2af8eb42d56 -> 
========================================================================
Received Prepare
Registering precompiled user dll's ...
Registered in 0.016638 seconds.
Begin MonoManager ReloadAssembly
Symbol file LoadedFromMemory doesn't match image D:\Magang Oluss\3D_4_integrated_6\Library\PackageCache\com.unity.visualscripting@1.8.0\Editor\VisualScripting.Core\Dependencies\DotNetZip\Unity.VisualScripting.IonicZip.dll
Symbol file LoadedFromMemory doesn't match image D:\Magang Oluss\3D_4_integrated_6\Library\PackageCache\com.unity.visualscripting@1.8.0\Editor\VisualScripting.Core\Dependencies\YamlDotNet\Unity.VisualScripting.YamlDotNet.dll
Native extension for WindowsStandalone target not found
Multiple plugins with the same name 'fbgemm' (found at 'Assets/Scripts/Python/python/Lib/site-packages/torch/lib/fbgemm.dll' and 'Assets/Scripts/Python/python/Lib/site-packages/torch/bin/fbgemm.dll'). That means one or more plugins are set to be compatible with Editor. Only one plugin at the time can be used by Editor.
Multiple plugins with the same name 'vcruntime140_1' (found at 'Assets/Scripts/Python/python/vcruntime140_1.dll' and 'Assets/Scripts/Python/python/Lib/site-packages/pandas/_libs/window/vcruntime140_1.dll'). That means one or more plugins are set to be compatible with Editor. Only one plugin at the time can be used by Editor.
Multiple plugins with the same name 'asmjit' (found at 'Assets/Scripts/Python/python/Lib/site-packages/torch/lib/asmjit.dll' and 'Assets/Scripts/Python/python/Lib/site-packages/torch/bin/asmjit.dll'). That means one or more plugins are set to be compatible with Editor. Only one plugin at the time can be used by Editor.
Refreshing native plugins compatible for Editor in 74.35 ms, found 31 plugins.
Preloading 0 native plugins for Editor in 0.00 ms.
Mono: successfully reloaded assembly
- Completed reload, in  1.329 seconds
Domain Reload Profiling:
	ReloadAssembly (1330ms)
		BeginReloadAssembly (158ms)
			ExecutionOrderSort (0ms)
			DisableScriptedObjects (7ms)
			BackupInstance (0ms)
			ReleaseScriptingObjects (0ms)
			CreateAndSetChildDomain (41ms)
		EndReloadAssembly (1069ms)
			LoadAssemblies (94ms)
			RebuildTransferFunctionScriptingTraits (0ms)
			SetupTypeCache (312ms)
			ReleaseScriptCaches (1ms)
			RebuildScriptCaches (45ms)
			SetupLoadedEditorAssemblies (385ms)
				LogAssemblyErrors (0ms)
				InitializePlatformSupportModulesInManaged (13ms)
				SetLoadedEditorAssemblies (1ms)
				RefreshPlugins (74ms)
				BeforeProcessingInitializeOnLoad (74ms)
				ProcessInitializeOnLoadAttributes (196ms)
				ProcessInitializeOnLoadMethodAttributes (19ms)
				AfterProcessingInitializeOnLoad (8ms)
				EditorAssembliesLoaded (0ms)
			ExecutionOrderSort2 (0ms)
			AwakeInstancesAfterBackupRestoration (12ms)
Platform modules already initialized, skipping
Multiple plugins with the same name 'fbgemm' (found at 'Assets/Scripts/Python/python/Lib/site-packages/torch/lib/fbgemm.dll' and 'Assets/Scripts/Python/python/Lib/site-packages/torch/bin/fbgemm.dll'). That means one or more plugins are set to be compatible with Editor. Only one plugin at the time can be used by Editor.
Multiple plugins with the same name 'vcruntime140_1' (found at 'Assets/Scripts/Python/python/vcruntime140_1.dll' and 'Assets/Scripts/Python/python/Lib/site-packages/pandas/_libs/window/vcruntime140_1.dll'). That means one or more plugins are set to be compatible with Editor. Only one plugin at the time can be used by Editor.
Multiple plugins with the same name 'asmjit' (found at 'Assets/Scripts/Python/python/Lib/site-packages/torch/lib/asmjit.dll' and 'Assets/Scripts/Python/python/Lib/site-packages/torch/bin/asmjit.dll'). That means one or more plugins are set to be compatible with Editor. Only one plugin at the time can be used by Editor.
Refreshing native plugins compatible for Editor in 527.64 ms, found 31 plugins.
Preloading 0 native plugins for Editor in 0.00 ms.
Unloading 11582 Unused Serialized files (Serialized files now loaded: 0)
Unloading 8470 unused Assets / (1.5 MB). Loaded Objects now: 3637.
Memory consumption went from 369.7 MB to 368.2 MB.
Total: 8.297800 ms (FindLiveObjects: 0.960600 ms CreateObjectMapping: 1.143300 ms MarkObjects: 2.864300 ms  DeleteObjects: 3.328300 ms)

AssetImportParameters requested are different than current active one (requested -> active):
  custom:video-decoder-ogg-theora: a1e56fd34408186e4bbccfd4996cb3dc -> 
  custom:container-muxer-webm: aa71ff27fc2769a1b78a27578f13a17b -> 
  custom:container-demuxer-webm: 4f35f7cbe854078d1ac9338744f61a02 -> 
  custom:video-encoder-webm-vp8: eb34c28f22e8b96e1ab97ce403110664 -> 
  custom:audio-encoder-webm-vorbis: bf7c407c2cedff20999df2af8eb42d56 -> 
  custom:framework-win-MediaFoundation: 216162199b28c13a410421893ffa2e32 -> 
  custom:container-demuxer-ogg: 62fdf1f143b41e24485cea50d1cbac27 -> 
  custom:video-decoder-webm-vp8: 9c59270c3fd7afecdb556c50c9e8de78 -> 
  custom:audio-decoder-ogg-vorbis: bf7c407c2cedff20999df2af8eb42d56 -> 
========================================================================
Received Prepare
Registering precompiled user dll's ...
Registered in 0.015756 seconds.
Begin MonoManager ReloadAssembly
Symbol file LoadedFromMemory doesn't match image D:\Magang Oluss\3D_4_integrated_6\Library\PackageCache\com.unity.visualscripting@1.8.0\Editor\VisualScripting.Core\Dependencies\DotNetZip\Unity.VisualScripting.IonicZip.dll
Symbol file LoadedFromMemory doesn't match image D:\Magang Oluss\3D_4_integrated_6\Library\PackageCache\com.unity.visualscripting@1.8.0\Editor\VisualScripting.Core\Dependencies\YamlDotNet\Unity.VisualScripting.YamlDotNet.dll
Native extension for WindowsStandalone target not found
Multiple plugins with the same name 'fbgemm' (found at 'Assets/Scripts/Python/python/Lib/site-packages/torch/lib/fbgemm.dll' and 'Assets/Scripts/Python/python/Lib/site-packages/torch/bin/fbgemm.dll'). That means one or more plugins are set to be compatible with Editor. Only one plugin at the time can be used by Editor.
Multiple plugins with the same name 'vcruntime140_1' (found at 'Assets/Scripts/Python/python/vcruntime140_1.dll' and 'Assets/Scripts/Python/python/Lib/site-packages/pandas/_libs/window/vcruntime140_1.dll'). That means one or more plugins are set to be compatible with Editor. Only one plugin at the time can be used by Editor.
Multiple plugins with the same name 'asmjit' (found at 'Assets/Scripts/Python/python/Lib/site-packages/torch/lib/asmjit.dll' and 'Assets/Scripts/Python/python/Lib/site-packages/torch/bin/asmjit.dll'). That means one or more plugins are set to be compatible with Editor. Only one plugin at the time can be used by Editor.
Refreshing native plugins compatible for Editor in 115.63 ms, found 31 plugins.
Preloading 0 native plugins for Editor in 0.00 ms.
Mono: successfully reloaded assembly
- Completed reload, in  2.059 seconds
Domain Reload Profiling:
	ReloadAssembly (2060ms)
		BeginReloadAssembly (202ms)
			ExecutionOrderSort (0ms)
			DisableScriptedObjects (7ms)
			BackupInstance (0ms)
			ReleaseScriptingObjects (1ms)
			CreateAndSetChildDomain (46ms)
		EndReloadAssembly (1679ms)
			LoadAssemblies (130ms)
			RebuildTransferFunctionScriptingTraits (0ms)
			SetupTypeCache (511ms)
			ReleaseScriptCaches (2ms)
			RebuildScriptCaches (78ms)
			SetupLoadedEditorAssemblies (585ms)
				LogAssemblyErrors (0ms)
				InitializePlatformSupportModulesInManaged (19ms)
				SetLoadedEditorAssemblies (1ms)
				RefreshPlugins (116ms)
				BeforeProcessingInitializeOnLoad (95ms)
				ProcessInitializeOnLoadAttributes (307ms)
				ProcessInitializeOnLoadMethodAttributes (34ms)
				AfterProcessingInitializeOnLoad (12ms)
				EditorAssembliesLoaded (0ms)
			ExecutionOrderSort2 (0ms)
			AwakeInstancesAfterBackupRestoration (19ms)
Platform modules already initialized, skipping
Multiple plugins with the same name 'fbgemm' (found at 'Assets/Scripts/Python/python/Lib/site-packages/torch/lib/fbgemm.dll' and 'Assets/Scripts/Python/python/Lib/site-packages/torch/bin/fbgemm.dll'). That means one or more plugins are set to be compatible with Editor. Only one plugin at the time can be used by Editor.
Multiple plugins with the same name 'vcruntime140_1' (found at 'Assets/Scripts/Python/python/vcruntime140_1.dll' and 'Assets/Scripts/Python/python/Lib/site-packages/pandas/_libs/window/vcruntime140_1.dll'). That means one or more plugins are set to be compatible with Editor. Only one plugin at the time can be used by Editor.
Multiple plugins with the same name 'asmjit' (found at 'Assets/Scripts/Python/python/Lib/site-packages/torch/lib/asmjit.dll' and 'Assets/Scripts/Python/python/Lib/site-packages/torch/bin/asmjit.dll'). That means one or more plugins are set to be compatible with Editor. Only one plugin at the time can be used by Editor.
Refreshing native plugins compatible for Editor in 755.19 ms, found 31 plugins.
Preloading 0 native plugins for Editor in 0.00 ms.
Unloading 11582 Unused Serialized files (Serialized files now loaded: 0)
Unloading 8470 unused Assets / (1.8 MB). Loaded Objects now: 3640.
Memory consumption went from 369.7 MB to 368.0 MB.
Total: 11.807400 ms (FindLiveObjects: 1.221900 ms CreateObjectMapping: 2.062200 ms MarkObjects: 3.198700 ms  DeleteObjects: 5.323000 ms)

AssetImportParameters requested are different than current active one (requested -> active):
  custom:video-decoder-ogg-theora: a1e56fd34408186e4bbccfd4996cb3dc -> 
  custom:container-muxer-webm: aa71ff27fc2769a1b78a27578f13a17b -> 
  custom:container-demuxer-webm: 4f35f7cbe854078d1ac9338744f61a02 -> 
  custom:video-encoder-webm-vp8: eb34c28f22e8b96e1ab97ce403110664 -> 
  custom:audio-encoder-webm-vorbis: bf7c407c2cedff20999df2af8eb42d56 -> 
  custom:framework-win-MediaFoundation: 216162199b28c13a410421893ffa2e32 -> 
  custom:container-demuxer-ogg: 62fdf1f143b41e24485cea50d1cbac27 -> 
  custom:video-decoder-webm-vp8: 9c59270c3fd7afecdb556c50c9e8de78 -> 
  custom:audio-decoder-ogg-vorbis: bf7c407c2cedff20999df2af8eb42d56 -> 
========================================================================
Received Prepare
Registering precompiled user dll's ...
Registered in 0.017760 seconds.
Begin MonoManager ReloadAssembly
Symbol file LoadedFromMemory doesn't match image D:\Magang Oluss\3D_4_integrated_6\Library\PackageCache\com.unity.visualscripting@1.8.0\Editor\VisualScripting.Core\Dependencies\DotNetZip\Unity.VisualScripting.IonicZip.dll
Symbol file LoadedFromMemory doesn't match image D:\Magang Oluss\3D_4_integrated_6\Library\PackageCache\com.unity.visualscripting@1.8.0\Editor\VisualScripting.Core\Dependencies\YamlDotNet\Unity.VisualScripting.YamlDotNet.dll
Native extension for WindowsStandalone target not found
Multiple plugins with the same name 'fbgemm' (found at 'Assets/Scripts/Python/python/Lib/site-packages/torch/lib/fbgemm.dll' and 'Assets/Scripts/Python/python/Lib/site-packages/torch/bin/fbgemm.dll'). That means one or more plugins are set to be compatible with Editor. Only one plugin at the time can be used by Editor.
Multiple plugins with the same name 'vcruntime140_1' (found at 'Assets/Scripts/Python/python/vcruntime140_1.dll' and 'Assets/Scripts/Python/python/Lib/site-packages/pandas/_libs/window/vcruntime140_1.dll'). That means one or more plugins are set to be compatible with Editor. Only one plugin at the time can be used by Editor.
Multiple plugins with the same name 'asmjit' (found at 'Assets/Scripts/Python/python/Lib/site-packages/torch/lib/asmjit.dll' and 'Assets/Scripts/Python/python/Lib/site-packages/torch/bin/asmjit.dll'). That means one or more plugins are set to be compatible with Editor. Only one plugin at the time can be used by Editor.
Refreshing native plugins compatible for Editor in 130.63 ms, found 31 plugins.
Preloading 0 native plugins for Editor in 0.00 ms.
Mono: successfully reloaded assembly
- Completed reload, in  2.253 seconds
Domain Reload Profiling:
	ReloadAssembly (2254ms)
		BeginReloadAssembly (249ms)
			ExecutionOrderSort (0ms)
			DisableScriptedObjects (12ms)
			BackupInstance (0ms)
			ReleaseScriptingObjects (1ms)
			CreateAndSetChildDomain (57ms)
		EndReloadAssembly (1824ms)
			LoadAssemblies (159ms)
			RebuildTransferFunctionScriptingTraits (0ms)
			SetupTypeCache (513ms)
			ReleaseScriptCaches (2ms)
			RebuildScriptCaches (82ms)
			SetupLoadedEditorAssemblies (653ms)
				LogAssemblyErrors (0ms)
				InitializePlatformSupportModulesInManaged (21ms)
				SetLoadedEditorAssemblies (1ms)
				RefreshPlugins (131ms)
				BeforeProcessingInitializeOnLoad (106ms)
				ProcessInitializeOnLoadAttributes (345ms)
				ProcessInitializeOnLoadMethodAttributes (36ms)
				AfterProcessingInitializeOnLoad (11ms)
				EditorAssembliesLoaded (0ms)
			ExecutionOrderSort2 (0ms)
			AwakeInstancesAfterBackupRestoration (21ms)
Platform modules already initialized, skipping
Multiple plugins with the same name 'fbgemm' (found at 'Assets/Scripts/Python/python/Lib/site-packages/torch/lib/fbgemm.dll' and 'Assets/Scripts/Python/python/Lib/site-packages/torch/bin/fbgemm.dll'). That means one or more plugins are set to be compatible with Editor. Only one plugin at the time can be used by Editor.
Multiple plugins with the same name 'vcruntime140_1' (found at 'Assets/Scripts/Python/python/vcruntime140_1.dll' and 'Assets/Scripts/Python/python/Lib/site-packages/pandas/_libs/window/vcruntime140_1.dll'). That means one or more plugins are set to be compatible with Editor. Only one plugin at the time can be used by Editor.
Multiple plugins with the same name 'asmjit' (found at 'Assets/Scripts/Python/python/Lib/site-packages/torch/lib/asmjit.dll' and 'Assets/Scripts/Python/python/Lib/site-packages/torch/bin/asmjit.dll'). That means one or more plugins are set to be compatible with Editor. Only one plugin at the time can be used by Editor.
Refreshing native plugins compatible for Editor in 1006.00 ms, found 31 plugins.
Preloading 0 native plugins for Editor in 0.00 ms.
Unloading 11582 Unused Serialized files (Serialized files now loaded: 0)
Unloading 8470 unused Assets / (2.0 MB). Loaded Objects now: 3643.
Memory consumption went from 369.7 MB to 367.7 MB.
Total: 14.512700 ms (FindLiveObjects: 2.142500 ms CreateObjectMapping: 2.317500 ms MarkObjects: 4.261700 ms  DeleteObjects: 5.788900 ms)

AssetImportParameters requested are different than current active one (requested -> active):
  custom:video-decoder-ogg-theora: a1e56fd34408186e4bbccfd4996cb3dc -> 
  custom:container-muxer-webm: aa71ff27fc2769a1b78a27578f13a17b -> 
  custom:container-demuxer-webm: 4f35f7cbe854078d1ac9338744f61a02 -> 
  custom:video-encoder-webm-vp8: eb34c28f22e8b96e1ab97ce403110664 -> 
  custom:audio-encoder-webm-vorbis: bf7c407c2cedff20999df2af8eb42d56 -> 
  custom:framework-win-MediaFoundation: 216162199b28c13a410421893ffa2e32 -> 
  custom:container-demuxer-ogg: 62fdf1f143b41e24485cea50d1cbac27 -> 
  custom:video-decoder-webm-vp8: 9c59270c3fd7afecdb556c50c9e8de78 -> 
  custom:audio-decoder-ogg-vorbis: bf7c407c2cedff20999df2af8eb42d56 -> 
========================================================================
Received Prepare
Registering precompiled user dll's ...
Registered in 0.018584 seconds.
Begin MonoManager ReloadAssembly
Symbol file LoadedFromMemory doesn't match image D:\Magang Oluss\3D_4_integrated_6\Library\PackageCache\com.unity.visualscripting@1.8.0\Editor\VisualScripting.Core\Dependencies\DotNetZip\Unity.VisualScripting.IonicZip.dll
Symbol file LoadedFromMemory doesn't match image D:\Magang Oluss\3D_4_integrated_6\Library\PackageCache\com.unity.visualscripting@1.8.0\Editor\VisualScripting.Core\Dependencies\YamlDotNet\Unity.VisualScripting.YamlDotNet.dll
Native extension for WindowsStandalone target not found
Multiple plugins with the same name 'fbgemm' (found at 'Assets/Scripts/Python/python/Lib/site-packages/torch/lib/fbgemm.dll' and 'Assets/Scripts/Python/python/Lib/site-packages/torch/bin/fbgemm.dll'). That means one or more plugins are set to be compatible with Editor. Only one plugin at the time can be used by Editor.
Multiple plugins with the same name 'vcruntime140_1' (found at 'Assets/Scripts/Python/python/vcruntime140_1.dll' and 'Assets/Scripts/Python/python/Lib/site-packages/pandas/_libs/window/vcruntime140_1.dll'). That means one or more plugins are set to be compatible with Editor. Only one plugin at the time can be used by Editor.
Multiple plugins with the same name 'asmjit' (found at 'Assets/Scripts/Python/python/Lib/site-packages/torch/lib/asmjit.dll' and 'Assets/Scripts/Python/python/Lib/site-packages/torch/bin/asmjit.dll'). That means one or more plugins are set to be compatible with Editor. Only one plugin at the time can be used by Editor.
Refreshing native plugins compatible for Editor in 117.11 ms, found 31 plugins.
Preloading 0 native plugins for Editor in 0.00 ms.
Mono: successfully reloaded assembly
- Completed reload, in  2.122 seconds
Domain Reload Profiling:
	ReloadAssembly (2123ms)
		BeginReloadAssembly (247ms)
			ExecutionOrderSort (0ms)
			DisableScriptedObjects (9ms)
			BackupInstance (0ms)
			ReleaseScriptingObjects (1ms)
			CreateAndSetChildDomain (62ms)
		EndReloadAssembly (1715ms)
			LoadAssemblies (162ms)
			RebuildTransferFunctionScriptingTraits (0ms)
			SetupTypeCache (479ms)
			ReleaseScriptCaches (3ms)
			RebuildScriptCaches (79ms)
			SetupLoadedEditorAssemblies (608ms)
				LogAssemblyErrors (0ms)
				InitializePlatformSupportModulesInManaged (20ms)
				SetLoadedEditorAssemblies (1ms)
				RefreshPlugins (117ms)
				BeforeProcessingInitializeOnLoad (102ms)
				ProcessInitializeOnLoadAttributes (325ms)
				ProcessInitializeOnLoadMethodAttributes (30ms)
				AfterProcessingInitializeOnLoad (13ms)
				EditorAssembliesLoaded (0ms)
			ExecutionOrderSort2 (0ms)
			AwakeInstancesAfterBackupRestoration (16ms)
Platform modules already initialized, skipping
Multiple plugins with the same name 'fbgemm' (found at 'Assets/Scripts/Python/python/Lib/site-packages/torch/lib/fbgemm.dll' and 'Assets/Scripts/Python/python/Lib/site-packages/torch/bin/fbgemm.dll'). That means one or more plugins are set to be compatible with Editor. Only one plugin at the time can be used by Editor.
Multiple plugins with the same name 'vcruntime140_1' (found at 'Assets/Scripts/Python/python/vcruntime140_1.dll' and 'Assets/Scripts/Python/python/Lib/site-packages/pandas/_libs/window/vcruntime140_1.dll'). That means one or more plugins are set to be compatible with Editor. Only one plugin at the time can be used by Editor.
Multiple plugins with the same name 'asmjit' (found at 'Assets/Scripts/Python/python/Lib/site-packages/torch/lib/asmjit.dll' and 'Assets/Scripts/Python/python/Lib/site-packages/torch/bin/asmjit.dll'). That means one or more plugins are set to be compatible with Editor. Only one plugin at the time can be used by Editor.
Refreshing native plugins compatible for Editor in 766.76 ms, found 31 plugins.
Preloading 0 native plugins for Editor in 0.00 ms.
Unloading 11582 Unused Serialized files (Serialized files now loaded: 0)
Unloading 8470 unused Assets / (1.7 MB). Loaded Objects now: 3646.
Memory consumption went from 369.7 MB to 368.0 MB.
Total: 13.770700 ms (FindLiveObjects: 1.286900 ms CreateObjectMapping: 1.934100 ms MarkObjects: 4.169800 ms  DeleteObjects: 6.378000 ms)

AssetImportParameters requested are different than current active one (requested -> active):
  custom:video-decoder-ogg-theora: a1e56fd34408186e4bbccfd4996cb3dc -> 
  custom:container-muxer-webm: aa71ff27fc2769a1b78a27578f13a17b -> 
  custom:container-demuxer-webm: 4f35f7cbe854078d1ac9338744f61a02 -> 
  custom:video-encoder-webm-vp8: eb34c28f22e8b96e1ab97ce403110664 -> 
  custom:audio-encoder-webm-vorbis: bf7c407c2cedff20999df2af8eb42d56 -> 
  custom:framework-win-MediaFoundation: 216162199b28c13a410421893ffa2e32 -> 
  custom:container-demuxer-ogg: 62fdf1f143b41e24485cea50d1cbac27 -> 
  custom:video-decoder-webm-vp8: 9c59270c3fd7afecdb556c50c9e8de78 -> 
  custom:audio-decoder-ogg-vorbis: bf7c407c2cedff20999df2af8eb42d56 -> 
========================================================================
Received Prepare
Registering precompiled user dll's ...
Registered in 0.018366 seconds.
Begin MonoManager ReloadAssembly
Symbol file LoadedFromMemory doesn't match image D:\Magang Oluss\3D_4_integrated_6\Library\PackageCache\com.unity.visualscripting@1.8.0\Editor\VisualScripting.Core\Dependencies\DotNetZip\Unity.VisualScripting.IonicZip.dll
Symbol file LoadedFromMemory doesn't match image D:\Magang Oluss\3D_4_integrated_6\Library\PackageCache\com.unity.visualscripting@1.8.0\Editor\VisualScripting.Core\Dependencies\YamlDotNet\Unity.VisualScripting.YamlDotNet.dll
Native extension for WindowsStandalone target not found
Multiple plugins with the same name 'fbgemm' (found at 'Assets/Scripts/Python/python/Lib/site-packages/torch/lib/fbgemm.dll' and 'Assets/Scripts/Python/python/Lib/site-packages/torch/bin/fbgemm.dll'). That means one or more plugins are set to be compatible with Editor. Only one plugin at the time can be used by Editor.
Multiple plugins with the same name 'vcruntime140_1' (found at 'Assets/Scripts/Python/python/vcruntime140_1.dll' and 'Assets/Scripts/Python/python/Lib/site-packages/pandas/_libs/window/vcruntime140_1.dll'). That means one or more plugins are set to be compatible with Editor. Only one plugin at the time can be used by Editor.
Multiple plugins with the same name 'asmjit' (found at 'Assets/Scripts/Python/python/Lib/site-packages/torch/lib/asmjit.dll' and 'Assets/Scripts/Python/python/Lib/site-packages/torch/bin/asmjit.dll'). That means one or more plugins are set to be compatible with Editor. Only one plugin at the time can be used by Editor.
Refreshing native plugins compatible for Editor in 119.02 ms, found 31 plugins.
Preloading 0 native plugins for Editor in 0.00 ms.
Mono: successfully reloaded assembly
- Completed reload, in  2.030 seconds
Domain Reload Profiling:
	ReloadAssembly (2031ms)
		BeginReloadAssembly (275ms)
			ExecutionOrderSort (0ms)
			DisableScriptedObjects (17ms)
			BackupInstance (0ms)
			ReleaseScriptingObjects (1ms)
			CreateAndSetChildDomain (76ms)
		EndReloadAssembly (1599ms)
			LoadAssemblies (157ms)
			RebuildTransferFunctionScriptingTraits (0ms)
			SetupTypeCache (440ms)
			ReleaseScriptCaches (3ms)
			RebuildScriptCaches (69ms)
			SetupLoadedEditorAssemblies (576ms)
				LogAssemblyErrors (0ms)
				InitializePlatformSupportModulesInManaged (21ms)
				SetLoadedEditorAssemblies (1ms)
				RefreshPlugins (119ms)
				BeforeProcessingInitializeOnLoad (93ms)
				ProcessInitializeOnLoadAttributes (300ms)
				ProcessInitializeOnLoadMethodAttributes (30ms)
				AfterProcessingInitializeOnLoad (11ms)
				EditorAssembliesLoaded (0ms)
			ExecutionOrderSort2 (0ms)
			AwakeInstancesAfterBackupRestoration (18ms)
Platform modules already initialized, skipping
Multiple plugins with the same name 'fbgemm' (found at 'Assets/Scripts/Python/python/Lib/site-packages/torch/lib/fbgemm.dll' and 'Assets/Scripts/Python/python/Lib/site-packages/torch/bin/fbgemm.dll'). That means one or more plugins are set to be compatible with Editor. Only one plugin at the time can be used by Editor.
Multiple plugins with the same name 'vcruntime140_1' (found at 'Assets/Scripts/Python/python/vcruntime140_1.dll' and 'Assets/Scripts/Python/python/Lib/site-packages/pandas/_libs/window/vcruntime140_1.dll'). That means one or more plugins are set to be compatible with Editor. Only one plugin at the time can be used by Editor.
Multiple plugins with the same name 'asmjit' (found at 'Assets/Scripts/Python/python/Lib/site-packages/torch/lib/asmjit.dll' and 'Assets/Scripts/Python/python/Lib/site-packages/torch/bin/asmjit.dll'). That means one or more plugins are set to be compatible with Editor. Only one plugin at the time can be used by Editor.
Refreshing native plugins compatible for Editor in 754.82 ms, found 31 plugins.
Preloading 0 native plugins for Editor in 0.00 ms.
Unloading 11582 Unused Serialized files (Serialized files now loaded: 0)
Unloading 8470 unused Assets / (1.7 MB). Loaded Objects now: 3649.
Memory consumption went from 369.8 MB to 368.0 MB.
Total: 13.752500 ms (FindLiveObjects: 1.541800 ms CreateObjectMapping: 2.612000 ms MarkObjects: 4.729200 ms  DeleteObjects: 4.866700 ms)

AssetImportParameters requested are different than current active one (requested -> active):
  custom:video-decoder-ogg-theora: a1e56fd34408186e4bbccfd4996cb3dc -> 
  custom:container-muxer-webm: aa71ff27fc2769a1b78a27578f13a17b -> 
  custom:container-demuxer-webm: 4f35f7cbe854078d1ac9338744f61a02 -> 
  custom:video-encoder-webm-vp8: eb34c28f22e8b96e1ab97ce403110664 -> 
  custom:audio-encoder-webm-vorbis: bf7c407c2cedff20999df2af8eb42d56 -> 
  custom:framework-win-MediaFoundation: 216162199b28c13a410421893ffa2e32 -> 
  custom:container-demuxer-ogg: 62fdf1f143b41e24485cea50d1cbac27 -> 
  custom:video-decoder-webm-vp8: 9c59270c3fd7afecdb556c50c9e8de78 -> 
  custom:audio-decoder-ogg-vorbis: bf7c407c2cedff20999df2af8eb42d56 -> 
