Using pre-set license
Built from '2021.3/staging' branch; Version is '2021.3.19f1 (c9714fde33b6) revision 13201743'; Using compiler version '192829333'; Build Type 'Release'
OS: 'Windows 11  (10.0.22621) 64bit CoreSingleLanguage' Language: 'en' Physical Memory: 16226 MB
BatchMode: 1, IsHumanControllingUs: 0, StartBugReporterOnCrash: 0, Is64bit: 1, IsPro: 1

COMMAND LINE ARGUMENTS:
C:\Program Files\Unity\Hub\Editor\2021.3.19f1\Editor\Unity.exe
-adb2
-batchMode
-noUpm
-name
AssetImportWorker1
-projectPath
D:/Magang Oluss/3D_4_integrated_6
-logFile
Logs/AssetImportWorker1.log
-srvPort
61358
Successfully changed project path to: D:/Magang Oluss/3D_4_integrated_6
D:/Magang Oluss/3D_4_integrated_6
[UnityMemory] Configuration Parameters - Can be set up in boot.config
    "memorysetup-bucket-allocator-granularity=16"
    "memorysetup-bucket-allocator-bucket-count=8"
    "memorysetup-bucket-allocator-block-size=33554432"
    "memorysetup-bucket-allocator-block-count=8"
    "memorysetup-main-allocator-block-size=16777216"
    "memorysetup-thread-allocator-block-size=16777216"
    "memorysetup-gfx-main-allocator-block-size=16777216"
    "memorysetup-gfx-thread-allocator-block-size=16777216"
    "memorysetup-cache-allocator-block-size=4194304"
    "memorysetup-typetree-allocator-block-size=2097152"
    "memorysetup-profiler-bucket-allocator-granularity=16"
    "memorysetup-profiler-bucket-allocator-bucket-count=8"
    "memorysetup-profiler-bucket-allocator-block-size=33554432"
    "memorysetup-profiler-bucket-allocator-block-count=8"
    "memorysetup-profiler-allocator-block-size=16777216"
    "memorysetup-profiler-editor-allocator-block-size=1048576"
    "memorysetup-temp-allocator-size-main=16777216"
    "memorysetup-job-temp-allocator-block-size=2097152"
    "memorysetup-job-temp-allocator-block-size-background=1048576"
    "memorysetup-job-temp-allocator-reduction-small-platforms=262144"
    "memorysetup-temp-allocator-size-background-worker=32768"
    "memorysetup-temp-allocator-size-job-worker=262144"
    "memorysetup-temp-allocator-size-preload-manager=33554432"
    "memorysetup-temp-allocator-size-nav-mesh-worker=65536"
    "memorysetup-temp-allocator-size-audio-worker=65536"
    "memorysetup-temp-allocator-size-cloud-worker=32768"
    "memorysetup-temp-allocator-size-gi-baking-worker=262144"
    "memorysetup-temp-allocator-size-gfx=262144"
Player connection [16776] Host "[IP] 192.168.18.205 [Port] 0 [Flags] 2 [Guid] 1354721219 [EditorId] 1354721219 [Version] 1048832 [Id] WindowsEditor(7,MSI) [Debug] 1 [PackageName] WindowsEditor [ProjectName] Editor" joined multi-casting on [225.0.0.222:54997]...

Player connection [16776] Host "[IP] 192.168.18.205 [Port] 0 [Flags] 2 [Guid] 1354721219 [EditorId] 1354721219 [Version] 1048832 [Id] WindowsEditor(7,MSI) [Debug] 1 [PackageName] WindowsEditor [ProjectName] Editor" joined alternative multi-casting on [225.0.0.222:34997]...

Multiple plugins with the same name 'fbgemm' (found at 'Assets/Scripts/Python/python/Lib/site-packages/torch/lib/fbgemm.dll' and 'Assets/Scripts/Python/python/Lib/site-packages/torch/bin/fbgemm.dll'). That means one or more plugins are set to be compatible with Editor. Only one plugin at the time can be used by Editor.
Multiple plugins with the same name 'vcruntime140_1' (found at 'Assets/Scripts/Python/python/vcruntime140_1.dll' and 'Assets/Scripts/Python/python/Lib/site-packages/pandas/_libs/window/vcruntime140_1.dll'). That means one or more plugins are set to be compatible with Editor. Only one plugin at the time can be used by Editor.
Multiple plugins with the same name 'asmjit' (found at 'Assets/Scripts/Python/python/Lib/site-packages/torch/lib/asmjit.dll' and 'Assets/Scripts/Python/python/Lib/site-packages/torch/bin/asmjit.dll'). That means one or more plugins are set to be compatible with Editor. Only one plugin at the time can be used by Editor.
Refreshing native plugins compatible for Editor in 2322.81 ms, found 31 plugins.
Preloading 0 native plugins for Editor in 0.00 ms.
Initialize engine version: 2021.3.19f1 (c9714fde33b6)
[Subsystems] Discovering subsystems at path C:/Program Files/Unity/Hub/Editor/2021.3.19f1/Editor/Data/Resources/UnitySubsystems
[Subsystems] Discovering subsystems at path D:/Magang Oluss/3D_4_integrated_6/Assets
GfxDevice: creating device client; threaded=0; jobified=0
Direct3D:
    Version:  Direct3D 11.0 [level 11.1]
    Renderer: NVIDIA GeForce GTX 1650 (ID=0x1f91)
    Vendor:   NVIDIA
    VRAM:     3962 MB
    Driver:   30.0.14.9709
Initialize mono
Mono path[0] = 'C:/Program Files/Unity/Hub/Editor/2021.3.19f1/Editor/Data/Managed'
Mono path[1] = 'C:/Program Files/Unity/Hub/Editor/2021.3.19f1/Editor/Data/MonoBleedingEdge/lib/mono/unityjit-win32'
Mono config path = 'C:/Program Files/Unity/Hub/Editor/2021.3.19f1/Editor/Data/MonoBleedingEdge/etc'
Using monoOptions --debugger-agent=transport=dt_socket,embedding=1,server=y,suspend=n,address=127.0.0.1:56140
Begin MonoManager ReloadAssembly
Registering precompiled unity dll's ...
Register platform support module: C:/Program Files/Unity/Hub/Editor/2021.3.19f1/Editor/Data/PlaybackEngines/WindowsStandaloneSupport/UnityEditor.WindowsStandalone.Extensions.dll
Registered in 0.005345 seconds.
Native extension for WindowsStandalone target not found
Multiple plugins with the same name 'fbgemm' (found at 'Assets/Scripts/Python/python/Lib/site-packages/torch/lib/fbgemm.dll' and 'Assets/Scripts/Python/python/Lib/site-packages/torch/bin/fbgemm.dll'). That means one or more plugins are set to be compatible with Editor. Only one plugin at the time can be used by Editor.
Multiple plugins with the same name 'vcruntime140_1' (found at 'Assets/Scripts/Python/python/vcruntime140_1.dll' and 'Assets/Scripts/Python/python/Lib/site-packages/pandas/_libs/window/vcruntime140_1.dll'). That means one or more plugins are set to be compatible with Editor. Only one plugin at the time can be used by Editor.
Multiple plugins with the same name 'asmjit' (found at 'Assets/Scripts/Python/python/Lib/site-packages/torch/lib/asmjit.dll' and 'Assets/Scripts/Python/python/Lib/site-packages/torch/bin/asmjit.dll'). That means one or more plugins are set to be compatible with Editor. Only one plugin at the time can be used by Editor.
Refreshing native plugins compatible for Editor in 436.99 ms, found 31 plugins.
Preloading 0 native plugins for Editor in 0.00 ms.
Mono: successfully reloaded assembly
- Completed reload, in  1.247 seconds
Domain Reload Profiling:
	ReloadAssembly (1248ms)
		BeginReloadAssembly (87ms)
			ExecutionOrderSort (0ms)
			DisableScriptedObjects (0ms)
			BackupInstance (0ms)
			ReleaseScriptingObjects (0ms)
			CreateAndSetChildDomain (1ms)
		EndReloadAssembly (1046ms)
			LoadAssemblies (84ms)
			RebuildTransferFunctionScriptingTraits (0ms)
			SetupTypeCache (124ms)
			ReleaseScriptCaches (0ms)
			RebuildScriptCaches (32ms)
			SetupLoadedEditorAssemblies (638ms)
				LogAssemblyErrors (0ms)
				InitializePlatformSupportModulesInManaged (7ms)
				SetLoadedEditorAssemblies (0ms)
				RefreshPlugins (437ms)
				BeforeProcessingInitializeOnLoad (1ms)
				ProcessInitializeOnLoadAttributes (132ms)
				ProcessInitializeOnLoadMethodAttributes (60ms)
				AfterProcessingInitializeOnLoad (0ms)
				EditorAssembliesLoaded (0ms)
			ExecutionOrderSort2 (0ms)
			AwakeInstancesAfterBackupRestoration (0ms)
Platform modules already initialized, skipping
Registering precompiled user dll's ...
Registered in 0.014053 seconds.
Begin MonoManager ReloadAssembly
Symbol file LoadedFromMemory doesn't match image D:\Magang Oluss\3D_4_integrated_6\Library\PackageCache\com.unity.visualscripting@1.8.0\Editor\VisualScripting.Core\Dependencies\DotNetZip\Unity.VisualScripting.IonicZip.dll
Symbol file LoadedFromMemory doesn't match image D:\Magang Oluss\3D_4_integrated_6\Library\PackageCache\com.unity.visualscripting@1.8.0\Editor\VisualScripting.Core\Dependencies\YamlDotNet\Unity.VisualScripting.YamlDotNet.dll
Native extension for WindowsStandalone target not found
Multiple plugins with the same name 'fbgemm' (found at 'Assets/Scripts/Python/python/Lib/site-packages/torch/lib/fbgemm.dll' and 'Assets/Scripts/Python/python/Lib/site-packages/torch/bin/fbgemm.dll'). That means one or more plugins are set to be compatible with Editor. Only one plugin at the time can be used by Editor.
Multiple plugins with the same name 'vcruntime140_1' (found at 'Assets/Scripts/Python/python/vcruntime140_1.dll' and 'Assets/Scripts/Python/python/Lib/site-packages/pandas/_libs/window/vcruntime140_1.dll'). That means one or more plugins are set to be compatible with Editor. Only one plugin at the time can be used by Editor.
Multiple plugins with the same name 'asmjit' (found at 'Assets/Scripts/Python/python/Lib/site-packages/torch/lib/asmjit.dll' and 'Assets/Scripts/Python/python/Lib/site-packages/torch/bin/asmjit.dll'). That means one or more plugins are set to be compatible with Editor. Only one plugin at the time can be used by Editor.
Refreshing native plugins compatible for Editor in 89.69 ms, found 31 plugins.
Preloading 0 native plugins for Editor in 0.00 ms.
Mono: successfully reloaded assembly
- Completed reload, in  1.520 seconds
Domain Reload Profiling:
	ReloadAssembly (1521ms)
		BeginReloadAssembly (147ms)
			ExecutionOrderSort (0ms)
			DisableScriptedObjects (6ms)
			BackupInstance (0ms)
			ReleaseScriptingObjects (0ms)
			CreateAndSetChildDomain (22ms)
		EndReloadAssembly (1246ms)
			LoadAssemblies (112ms)
			RebuildTransferFunctionScriptingTraits (0ms)
			SetupTypeCache (291ms)
			ReleaseScriptCaches (1ms)
			RebuildScriptCaches (53ms)
			SetupLoadedEditorAssemblies (583ms)
				LogAssemblyErrors (0ms)
				InitializePlatformSupportModulesInManaged (10ms)
				SetLoadedEditorAssemblies (1ms)
				RefreshPlugins (90ms)
				BeforeProcessingInitializeOnLoad (94ms)
				ProcessInitializeOnLoadAttributes (362ms)
				ProcessInitializeOnLoadMethodAttributes (19ms)
				AfterProcessingInitializeOnLoad (7ms)
				EditorAssembliesLoaded (0ms)
			ExecutionOrderSort2 (0ms)
			AwakeInstancesAfterBackupRestoration (11ms)
Platform modules already initialized, skipping
========================================================================
Worker process is ready to serve import requests
Launched and connected shader compiler UnityShaderCompiler.exe after 0.07 seconds
Multiple plugins with the same name 'fbgemm' (found at 'Assets/Scripts/Python/python/Lib/site-packages/torch/lib/fbgemm.dll' and 'Assets/Scripts/Python/python/Lib/site-packages/torch/bin/fbgemm.dll'). That means one or more plugins are set to be compatible with Editor. Only one plugin at the time can be used by Editor.
Multiple plugins with the same name 'vcruntime140_1' (found at 'Assets/Scripts/Python/python/vcruntime140_1.dll' and 'Assets/Scripts/Python/python/Lib/site-packages/pandas/_libs/window/vcruntime140_1.dll'). That means one or more plugins are set to be compatible with Editor. Only one plugin at the time can be used by Editor.
Multiple plugins with the same name 'asmjit' (found at 'Assets/Scripts/Python/python/Lib/site-packages/torch/lib/asmjit.dll' and 'Assets/Scripts/Python/python/Lib/site-packages/torch/bin/asmjit.dll'). That means one or more plugins are set to be compatible with Editor. Only one plugin at the time can be used by Editor.
Refreshing native plugins compatible for Editor in 73.04 ms, found 31 plugins.
Preloading 0 native plugins for Editor in 0.00 ms.
Unloading 11600 Unused Serialized files (Serialized files now loaded: 0)
Unloading 8477 unused Assets / (1.6 MB). Loaded Objects now: 3631.
Memory consumption went from 372.5 MB to 370.9 MB.
Total: 7.367300 ms (FindLiveObjects: 1.031900 ms CreateObjectMapping: 1.084800 ms MarkObjects: 2.781100 ms  DeleteObjects: 2.468200 ms)

AssetImportParameters requested are different than current active one (requested -> active):
  custom:video-decoder-ogg-theora: a1e56fd34408186e4bbccfd4996cb3dc -> 
  custom:container-muxer-webm: aa71ff27fc2769a1b78a27578f13a17b -> 
  custom:container-demuxer-webm: 4f35f7cbe854078d1ac9338744f61a02 -> 
  custom:video-encoder-webm-vp8: eb34c28f22e8b96e1ab97ce403110664 -> 
  custom:audio-encoder-webm-vorbis: bf7c407c2cedff20999df2af8eb42d56 -> 
  custom:framework-win-MediaFoundation: 216162199b28c13a410421893ffa2e32 -> 
  custom:container-demuxer-ogg: 62fdf1f143b41e24485cea50d1cbac27 -> 
  custom:video-decoder-webm-vp8: 9c59270c3fd7afecdb556c50c9e8de78 -> 
  custom:audio-decoder-ogg-vorbis: bf7c407c2cedff20999df2af8eb42d56 -> 
========================================================================
Received Import Request.
  Time since last request: 193045.774408 seconds.
  path: Assets/Scripts/Player.cs
  artifactKey: Guid(ceb6b407ad07d254db7d01fab45c342a) Importer(815301076,1909f56bfc062723c751e8b465ee728b)
Start importing Assets/Scripts/Player.cs using Guid(ceb6b407ad07d254db7d01fab45c342a) Importer(815301076,1909f56bfc062723c751e8b465ee728b)  -> (artifact id: 'c9583b7f5a48d5dff1b24f442928c82c') in 0.058247 seconds 
========================================================================
Received Prepare
Registering precompiled user dll's ...
Registered in 0.014345 seconds.
Begin MonoManager ReloadAssembly
Symbol file LoadedFromMemory doesn't match image D:\Magang Oluss\3D_4_integrated_6\Library\PackageCache\com.unity.visualscripting@1.8.0\Editor\VisualScripting.Core\Dependencies\DotNetZip\Unity.VisualScripting.IonicZip.dll
Symbol file LoadedFromMemory doesn't match image D:\Magang Oluss\3D_4_integrated_6\Library\PackageCache\com.unity.visualscripting@1.8.0\Editor\VisualScripting.Core\Dependencies\YamlDotNet\Unity.VisualScripting.YamlDotNet.dll
Native extension for WindowsStandalone target not found
Multiple plugins with the same name 'fbgemm' (found at 'Assets/Scripts/Python/python/Lib/site-packages/torch/lib/fbgemm.dll' and 'Assets/Scripts/Python/python/Lib/site-packages/torch/bin/fbgemm.dll'). That means one or more plugins are set to be compatible with Editor. Only one plugin at the time can be used by Editor.
Multiple plugins with the same name 'vcruntime140_1' (found at 'Assets/Scripts/Python/python/vcruntime140_1.dll' and 'Assets/Scripts/Python/python/Lib/site-packages/pandas/_libs/window/vcruntime140_1.dll'). That means one or more plugins are set to be compatible with Editor. Only one plugin at the time can be used by Editor.
Multiple plugins with the same name 'asmjit' (found at 'Assets/Scripts/Python/python/Lib/site-packages/torch/lib/asmjit.dll' and 'Assets/Scripts/Python/python/Lib/site-packages/torch/bin/asmjit.dll'). That means one or more plugins are set to be compatible with Editor. Only one plugin at the time can be used by Editor.
Refreshing native plugins compatible for Editor in 78.16 ms, found 31 plugins.
Preloading 0 native plugins for Editor in 0.00 ms.
Mono: successfully reloaded assembly
- Completed reload, in  1.453 seconds
Domain Reload Profiling:
	ReloadAssembly (1454ms)
		BeginReloadAssembly (155ms)
			ExecutionOrderSort (0ms)
			DisableScriptedObjects (6ms)
			BackupInstance (0ms)
			ReleaseScriptingObjects (0ms)
			CreateAndSetChildDomain (38ms)
		EndReloadAssembly (1186ms)
			LoadAssemblies (94ms)
			RebuildTransferFunctionScriptingTraits (0ms)
			SetupTypeCache (378ms)
			ReleaseScriptCaches (1ms)
			RebuildScriptCaches (44ms)
			SetupLoadedEditorAssemblies (425ms)
				LogAssemblyErrors (0ms)
				InitializePlatformSupportModulesInManaged (13ms)
				SetLoadedEditorAssemblies (1ms)
				RefreshPlugins (78ms)
				BeforeProcessingInitializeOnLoad (70ms)
				ProcessInitializeOnLoadAttributes (233ms)
				ProcessInitializeOnLoadMethodAttributes (22ms)
				AfterProcessingInitializeOnLoad (9ms)
				EditorAssembliesLoaded (0ms)
			ExecutionOrderSort2 (0ms)
			AwakeInstancesAfterBackupRestoration (12ms)
Platform modules already initialized, skipping
Multiple plugins with the same name 'fbgemm' (found at 'Assets/Scripts/Python/python/Lib/site-packages/torch/lib/fbgemm.dll' and 'Assets/Scripts/Python/python/Lib/site-packages/torch/bin/fbgemm.dll'). That means one or more plugins are set to be compatible with Editor. Only one plugin at the time can be used by Editor.
Multiple plugins with the same name 'vcruntime140_1' (found at 'Assets/Scripts/Python/python/vcruntime140_1.dll' and 'Assets/Scripts/Python/python/Lib/site-packages/pandas/_libs/window/vcruntime140_1.dll'). That means one or more plugins are set to be compatible with Editor. Only one plugin at the time can be used by Editor.
Multiple plugins with the same name 'asmjit' (found at 'Assets/Scripts/Python/python/Lib/site-packages/torch/lib/asmjit.dll' and 'Assets/Scripts/Python/python/Lib/site-packages/torch/bin/asmjit.dll'). That means one or more plugins are set to be compatible with Editor. Only one plugin at the time can be used by Editor.
Refreshing native plugins compatible for Editor in 628.35 ms, found 31 plugins.
Preloading 0 native plugins for Editor in 0.00 ms.
Unloading 11582 Unused Serialized files (Serialized files now loaded: 0)
Unloading 8470 unused Assets / (2.9 MB). Loaded Objects now: 3634.
Memory consumption went from 369.5 MB to 366.5 MB.
Total: 11.654100 ms (FindLiveObjects: 0.962500 ms CreateObjectMapping: 1.177900 ms MarkObjects: 3.059800 ms  DeleteObjects: 6.452700 ms)

AssetImportParameters requested are different than current active one (requested -> active):
  custom:video-decoder-ogg-theora: a1e56fd34408186e4bbccfd4996cb3dc -> 
  custom:container-muxer-webm: aa71ff27fc2769a1b78a27578f13a17b -> 
  custom:container-demuxer-webm: 4f35f7cbe854078d1ac9338744f61a02 -> 
  custom:video-encoder-webm-vp8: eb34c28f22e8b96e1ab97ce403110664 -> 
  custom:audio-encoder-webm-vorbis: bf7c407c2cedff20999df2af8eb42d56 -> 
  custom:framework-win-MediaFoundation: 216162199b28c13a410421893ffa2e32 -> 
  custom:container-demuxer-ogg: 62fdf1f143b41e24485cea50d1cbac27 -> 
  custom:video-decoder-webm-vp8: 9c59270c3fd7afecdb556c50c9e8de78 -> 
  custom:audio-decoder-ogg-vorbis: bf7c407c2cedff20999df2af8eb42d56 -> 
========================================================================
Received Prepare
Registering precompiled user dll's ...
Registered in 0.019434 seconds.
Begin MonoManager ReloadAssembly
Symbol file LoadedFromMemory doesn't match image D:\Magang Oluss\3D_4_integrated_6\Library\PackageCache\com.unity.visualscripting@1.8.0\Editor\VisualScripting.Core\Dependencies\DotNetZip\Unity.VisualScripting.IonicZip.dll
Symbol file LoadedFromMemory doesn't match image D:\Magang Oluss\3D_4_integrated_6\Library\PackageCache\com.unity.visualscripting@1.8.0\Editor\VisualScripting.Core\Dependencies\YamlDotNet\Unity.VisualScripting.YamlDotNet.dll
Native extension for WindowsStandalone target not found
Multiple plugins with the same name 'fbgemm' (found at 'Assets/Scripts/Python/python/Lib/site-packages/torch/lib/fbgemm.dll' and 'Assets/Scripts/Python/python/Lib/site-packages/torch/bin/fbgemm.dll'). That means one or more plugins are set to be compatible with Editor. Only one plugin at the time can be used by Editor.
Multiple plugins with the same name 'vcruntime140_1' (found at 'Assets/Scripts/Python/python/vcruntime140_1.dll' and 'Assets/Scripts/Python/python/Lib/site-packages/pandas/_libs/window/vcruntime140_1.dll'). That means one or more plugins are set to be compatible with Editor. Only one plugin at the time can be used by Editor.
Multiple plugins with the same name 'asmjit' (found at 'Assets/Scripts/Python/python/Lib/site-packages/torch/lib/asmjit.dll' and 'Assets/Scripts/Python/python/Lib/site-packages/torch/bin/asmjit.dll'). That means one or more plugins are set to be compatible with Editor. Only one plugin at the time can be used by Editor.
Refreshing native plugins compatible for Editor in 76.78 ms, found 31 plugins.
Preloading 0 native plugins for Editor in 0.00 ms.
Mono: successfully reloaded assembly
- Completed reload, in  1.340 seconds
Domain Reload Profiling:
	ReloadAssembly (1341ms)
		BeginReloadAssembly (165ms)
			ExecutionOrderSort (0ms)
			DisableScriptedObjects (7ms)
			BackupInstance (0ms)
			ReleaseScriptingObjects (0ms)
			CreateAndSetChildDomain (41ms)
		EndReloadAssembly (1073ms)
			LoadAssemblies (101ms)
			RebuildTransferFunctionScriptingTraits (0ms)
			SetupTypeCache (308ms)
			ReleaseScriptCaches (1ms)
			RebuildScriptCaches (46ms)
			SetupLoadedEditorAssemblies (390ms)
				LogAssemblyErrors (0ms)
				InitializePlatformSupportModulesInManaged (13ms)
				SetLoadedEditorAssemblies (0ms)
				RefreshPlugins (77ms)
				BeforeProcessingInitializeOnLoad (75ms)
				ProcessInitializeOnLoadAttributes (197ms)
				ProcessInitializeOnLoadMethodAttributes (19ms)
				AfterProcessingInitializeOnLoad (8ms)
				EditorAssembliesLoaded (0ms)
			ExecutionOrderSort2 (0ms)
			AwakeInstancesAfterBackupRestoration (13ms)
Platform modules already initialized, skipping
Multiple plugins with the same name 'fbgemm' (found at 'Assets/Scripts/Python/python/Lib/site-packages/torch/lib/fbgemm.dll' and 'Assets/Scripts/Python/python/Lib/site-packages/torch/bin/fbgemm.dll'). That means one or more plugins are set to be compatible with Editor. Only one plugin at the time can be used by Editor.
Multiple plugins with the same name 'vcruntime140_1' (found at 'Assets/Scripts/Python/python/vcruntime140_1.dll' and 'Assets/Scripts/Python/python/Lib/site-packages/pandas/_libs/window/vcruntime140_1.dll'). That means one or more plugins are set to be compatible with Editor. Only one plugin at the time can be used by Editor.
Multiple plugins with the same name 'asmjit' (found at 'Assets/Scripts/Python/python/Lib/site-packages/torch/lib/asmjit.dll' and 'Assets/Scripts/Python/python/Lib/site-packages/torch/bin/asmjit.dll'). That means one or more plugins are set to be compatible with Editor. Only one plugin at the time can be used by Editor.
Refreshing native plugins compatible for Editor in 549.21 ms, found 31 plugins.
Preloading 0 native plugins for Editor in 0.00 ms.
Unloading 11582 Unused Serialized files (Serialized files now loaded: 0)
Unloading 8470 unused Assets / (1.6 MB). Loaded Objects now: 3637.
Memory consumption went from 369.5 MB to 367.8 MB.
Total: 8.410100 ms (FindLiveObjects: 1.222100 ms CreateObjectMapping: 1.513500 ms MarkObjects: 2.740400 ms  DeleteObjects: 2.932500 ms)

AssetImportParameters requested are different than current active one (requested -> active):
  custom:video-decoder-ogg-theora: a1e56fd34408186e4bbccfd4996cb3dc -> 
  custom:container-muxer-webm: aa71ff27fc2769a1b78a27578f13a17b -> 
  custom:container-demuxer-webm: 4f35f7cbe854078d1ac9338744f61a02 -> 
  custom:video-encoder-webm-vp8: eb34c28f22e8b96e1ab97ce403110664 -> 
  custom:audio-encoder-webm-vorbis: bf7c407c2cedff20999df2af8eb42d56 -> 
  custom:framework-win-MediaFoundation: 216162199b28c13a410421893ffa2e32 -> 
  custom:container-demuxer-ogg: 62fdf1f143b41e24485cea50d1cbac27 -> 
  custom:video-decoder-webm-vp8: 9c59270c3fd7afecdb556c50c9e8de78 -> 
  custom:audio-decoder-ogg-vorbis: bf7c407c2cedff20999df2af8eb42d56 -> 
========================================================================
Received Prepare
Registering precompiled user dll's ...
Registered in 0.015346 seconds.
Begin MonoManager ReloadAssembly
Symbol file LoadedFromMemory doesn't match image D:\Magang Oluss\3D_4_integrated_6\Library\PackageCache\com.unity.visualscripting@1.8.0\Editor\VisualScripting.Core\Dependencies\DotNetZip\Unity.VisualScripting.IonicZip.dll
Symbol file LoadedFromMemory doesn't match image D:\Magang Oluss\3D_4_integrated_6\Library\PackageCache\com.unity.visualscripting@1.8.0\Editor\VisualScripting.Core\Dependencies\YamlDotNet\Unity.VisualScripting.YamlDotNet.dll
Native extension for WindowsStandalone target not found
Multiple plugins with the same name 'fbgemm' (found at 'Assets/Scripts/Python/python/Lib/site-packages/torch/lib/fbgemm.dll' and 'Assets/Scripts/Python/python/Lib/site-packages/torch/bin/fbgemm.dll'). That means one or more plugins are set to be compatible with Editor. Only one plugin at the time can be used by Editor.
Multiple plugins with the same name 'vcruntime140_1' (found at 'Assets/Scripts/Python/python/vcruntime140_1.dll' and 'Assets/Scripts/Python/python/Lib/site-packages/pandas/_libs/window/vcruntime140_1.dll'). That means one or more plugins are set to be compatible with Editor. Only one plugin at the time can be used by Editor.
Multiple plugins with the same name 'asmjit' (found at 'Assets/Scripts/Python/python/Lib/site-packages/torch/lib/asmjit.dll' and 'Assets/Scripts/Python/python/Lib/site-packages/torch/bin/asmjit.dll'). That means one or more plugins are set to be compatible with Editor. Only one plugin at the time can be used by Editor.
Refreshing native plugins compatible for Editor in 125.39 ms, found 31 plugins.
Preloading 0 native plugins for Editor in 0.00 ms.
Mono: successfully reloaded assembly
- Completed reload, in  2.047 seconds
Domain Reload Profiling:
	ReloadAssembly (2048ms)
		BeginReloadAssembly (183ms)
			ExecutionOrderSort (0ms)
			DisableScriptedObjects (9ms)
			BackupInstance (0ms)
			ReleaseScriptingObjects (1ms)
			CreateAndSetChildDomain (47ms)
		EndReloadAssembly (1689ms)
			LoadAssemblies (120ms)
			RebuildTransferFunctionScriptingTraits (0ms)
			SetupTypeCache (497ms)
			ReleaseScriptCaches (2ms)
			RebuildScriptCaches (74ms)
			SetupLoadedEditorAssemblies (605ms)
				LogAssemblyErrors (0ms)
				InitializePlatformSupportModulesInManaged (19ms)
				SetLoadedEditorAssemblies (1ms)
				RefreshPlugins (126ms)
				BeforeProcessingInitializeOnLoad (95ms)
				ProcessInitializeOnLoadAttributes (315ms)
				ProcessInitializeOnLoadMethodAttributes (38ms)
				AfterProcessingInitializeOnLoad (12ms)
				EditorAssembliesLoaded (0ms)
			ExecutionOrderSort2 (0ms)
			AwakeInstancesAfterBackupRestoration (17ms)
Platform modules already initialized, skipping
Multiple plugins with the same name 'fbgemm' (found at 'Assets/Scripts/Python/python/Lib/site-packages/torch/lib/fbgemm.dll' and 'Assets/Scripts/Python/python/Lib/site-packages/torch/bin/fbgemm.dll'). That means one or more plugins are set to be compatible with Editor. Only one plugin at the time can be used by Editor.
Multiple plugins with the same name 'vcruntime140_1' (found at 'Assets/Scripts/Python/python/vcruntime140_1.dll' and 'Assets/Scripts/Python/python/Lib/site-packages/pandas/_libs/window/vcruntime140_1.dll'). That means one or more plugins are set to be compatible with Editor. Only one plugin at the time can be used by Editor.
Multiple plugins with the same name 'asmjit' (found at 'Assets/Scripts/Python/python/Lib/site-packages/torch/lib/asmjit.dll' and 'Assets/Scripts/Python/python/Lib/site-packages/torch/bin/asmjit.dll'). That means one or more plugins are set to be compatible with Editor. Only one plugin at the time can be used by Editor.
Refreshing native plugins compatible for Editor in 750.96 ms, found 31 plugins.
Preloading 0 native plugins for Editor in 0.00 ms.
Unloading 11582 Unused Serialized files (Serialized files now loaded: 0)
Unloading 8470 unused Assets / (1.8 MB). Loaded Objects now: 3640.
Memory consumption went from 369.5 MB to 367.7 MB.
Total: 13.129000 ms (FindLiveObjects: 1.910800 ms CreateObjectMapping: 2.664500 ms MarkObjects: 4.173400 ms  DeleteObjects: 4.378900 ms)

AssetImportParameters requested are different than current active one (requested -> active):
  custom:video-decoder-ogg-theora: a1e56fd34408186e4bbccfd4996cb3dc -> 
  custom:container-muxer-webm: aa71ff27fc2769a1b78a27578f13a17b -> 
  custom:container-demuxer-webm: 4f35f7cbe854078d1ac9338744f61a02 -> 
  custom:video-encoder-webm-vp8: eb34c28f22e8b96e1ab97ce403110664 -> 
  custom:audio-encoder-webm-vorbis: bf7c407c2cedff20999df2af8eb42d56 -> 
  custom:framework-win-MediaFoundation: 216162199b28c13a410421893ffa2e32 -> 
  custom:container-demuxer-ogg: 62fdf1f143b41e24485cea50d1cbac27 -> 
  custom:video-decoder-webm-vp8: 9c59270c3fd7afecdb556c50c9e8de78 -> 
  custom:audio-decoder-ogg-vorbis: bf7c407c2cedff20999df2af8eb42d56 -> 
========================================================================
Received Prepare
Registering precompiled user dll's ...
Registered in 0.017274 seconds.
Begin MonoManager ReloadAssembly
Symbol file LoadedFromMemory doesn't match image D:\Magang Oluss\3D_4_integrated_6\Library\PackageCache\com.unity.visualscripting@1.8.0\Editor\VisualScripting.Core\Dependencies\DotNetZip\Unity.VisualScripting.IonicZip.dll
Symbol file LoadedFromMemory doesn't match image D:\Magang Oluss\3D_4_integrated_6\Library\PackageCache\com.unity.visualscripting@1.8.0\Editor\VisualScripting.Core\Dependencies\YamlDotNet\Unity.VisualScripting.YamlDotNet.dll
Native extension for WindowsStandalone target not found
Multiple plugins with the same name 'fbgemm' (found at 'Assets/Scripts/Python/python/Lib/site-packages/torch/lib/fbgemm.dll' and 'Assets/Scripts/Python/python/Lib/site-packages/torch/bin/fbgemm.dll'). That means one or more plugins are set to be compatible with Editor. Only one plugin at the time can be used by Editor.
Multiple plugins with the same name 'vcruntime140_1' (found at 'Assets/Scripts/Python/python/vcruntime140_1.dll' and 'Assets/Scripts/Python/python/Lib/site-packages/pandas/_libs/window/vcruntime140_1.dll'). That means one or more plugins are set to be compatible with Editor. Only one plugin at the time can be used by Editor.
Multiple plugins with the same name 'asmjit' (found at 'Assets/Scripts/Python/python/Lib/site-packages/torch/lib/asmjit.dll' and 'Assets/Scripts/Python/python/Lib/site-packages/torch/bin/asmjit.dll'). That means one or more plugins are set to be compatible with Editor. Only one plugin at the time can be used by Editor.
Refreshing native plugins compatible for Editor in 135.33 ms, found 31 plugins.
Preloading 0 native plugins for Editor in 0.00 ms.
Mono: successfully reloaded assembly
- Completed reload, in  2.219 seconds
Domain Reload Profiling:
	ReloadAssembly (2221ms)
		BeginReloadAssembly (248ms)
			ExecutionOrderSort (0ms)
			DisableScriptedObjects (12ms)
			BackupInstance (0ms)
			ReleaseScriptingObjects (1ms)
			CreateAndSetChildDomain (62ms)
		EndReloadAssembly (1795ms)
			LoadAssemblies (160ms)
			RebuildTransferFunctionScriptingTraits (0ms)
			SetupTypeCache (488ms)
			ReleaseScriptCaches (2ms)
			RebuildScriptCaches (83ms)
			SetupLoadedEditorAssemblies (654ms)
				LogAssemblyErrors (0ms)
				InitializePlatformSupportModulesInManaged (22ms)
				SetLoadedEditorAssemblies (1ms)
				RefreshPlugins (136ms)
				BeforeProcessingInitializeOnLoad (109ms)
				ProcessInitializeOnLoadAttributes (341ms)
				ProcessInitializeOnLoadMethodAttributes (32ms)
				AfterProcessingInitializeOnLoad (13ms)
				EditorAssembliesLoaded (0ms)
			ExecutionOrderSort2 (0ms)
			AwakeInstancesAfterBackupRestoration (18ms)
Platform modules already initialized, skipping
Multiple plugins with the same name 'fbgemm' (found at 'Assets/Scripts/Python/python/Lib/site-packages/torch/lib/fbgemm.dll' and 'Assets/Scripts/Python/python/Lib/site-packages/torch/bin/fbgemm.dll'). That means one or more plugins are set to be compatible with Editor. Only one plugin at the time can be used by Editor.
Multiple plugins with the same name 'vcruntime140_1' (found at 'Assets/Scripts/Python/python/vcruntime140_1.dll' and 'Assets/Scripts/Python/python/Lib/site-packages/pandas/_libs/window/vcruntime140_1.dll'). That means one or more plugins are set to be compatible with Editor. Only one plugin at the time can be used by Editor.
Multiple plugins with the same name 'asmjit' (found at 'Assets/Scripts/Python/python/Lib/site-packages/torch/lib/asmjit.dll' and 'Assets/Scripts/Python/python/Lib/site-packages/torch/bin/asmjit.dll'). That means one or more plugins are set to be compatible with Editor. Only one plugin at the time can be used by Editor.
Refreshing native plugins compatible for Editor in 1032.79 ms, found 31 plugins.
Preloading 0 native plugins for Editor in 0.00 ms.
Unloading 11582 Unused Serialized files (Serialized files now loaded: 0)
Unloading 8470 unused Assets / (2.1 MB). Loaded Objects now: 3643.
Memory consumption went from 369.5 MB to 367.4 MB.
Total: 16.320700 ms (FindLiveObjects: 2.263100 ms CreateObjectMapping: 2.279600 ms MarkObjects: 5.065800 ms  DeleteObjects: 6.709500 ms)

AssetImportParameters requested are different than current active one (requested -> active):
  custom:video-decoder-ogg-theora: a1e56fd34408186e4bbccfd4996cb3dc -> 
  custom:container-muxer-webm: aa71ff27fc2769a1b78a27578f13a17b -> 
  custom:container-demuxer-webm: 4f35f7cbe854078d1ac9338744f61a02 -> 
  custom:video-encoder-webm-vp8: eb34c28f22e8b96e1ab97ce403110664 -> 
  custom:audio-encoder-webm-vorbis: bf7c407c2cedff20999df2af8eb42d56 -> 
  custom:framework-win-MediaFoundation: 216162199b28c13a410421893ffa2e32 -> 
  custom:container-demuxer-ogg: 62fdf1f143b41e24485cea50d1cbac27 -> 
  custom:video-decoder-webm-vp8: 9c59270c3fd7afecdb556c50c9e8de78 -> 
  custom:audio-decoder-ogg-vorbis: bf7c407c2cedff20999df2af8eb42d56 -> 
========================================================================
Received Prepare
Registering precompiled user dll's ...
Registered in 0.015581 seconds.
Begin MonoManager ReloadAssembly
Symbol file LoadedFromMemory doesn't match image D:\Magang Oluss\3D_4_integrated_6\Library\PackageCache\com.unity.visualscripting@1.8.0\Editor\VisualScripting.Core\Dependencies\DotNetZip\Unity.VisualScripting.IonicZip.dll
Symbol file LoadedFromMemory doesn't match image D:\Magang Oluss\3D_4_integrated_6\Library\PackageCache\com.unity.visualscripting@1.8.0\Editor\VisualScripting.Core\Dependencies\YamlDotNet\Unity.VisualScripting.YamlDotNet.dll
Native extension for WindowsStandalone target not found
Multiple plugins with the same name 'fbgemm' (found at 'Assets/Scripts/Python/python/Lib/site-packages/torch/lib/fbgemm.dll' and 'Assets/Scripts/Python/python/Lib/site-packages/torch/bin/fbgemm.dll'). That means one or more plugins are set to be compatible with Editor. Only one plugin at the time can be used by Editor.
Multiple plugins with the same name 'vcruntime140_1' (found at 'Assets/Scripts/Python/python/vcruntime140_1.dll' and 'Assets/Scripts/Python/python/Lib/site-packages/pandas/_libs/window/vcruntime140_1.dll'). That means one or more plugins are set to be compatible with Editor. Only one plugin at the time can be used by Editor.
Multiple plugins with the same name 'asmjit' (found at 'Assets/Scripts/Python/python/Lib/site-packages/torch/lib/asmjit.dll' and 'Assets/Scripts/Python/python/Lib/site-packages/torch/bin/asmjit.dll'). That means one or more plugins are set to be compatible with Editor. Only one plugin at the time can be used by Editor.
Refreshing native plugins compatible for Editor in 118.71 ms, found 31 plugins.
Preloading 0 native plugins for Editor in 0.00 ms.
Mono: successfully reloaded assembly
- Completed reload, in  2.113 seconds
Domain Reload Profiling:
	ReloadAssembly (2115ms)
		BeginReloadAssembly (245ms)
			ExecutionOrderSort (0ms)
			DisableScriptedObjects (10ms)
			BackupInstance (0ms)
			ReleaseScriptingObjects (1ms)
			CreateAndSetChildDomain (64ms)
		EndReloadAssembly (1708ms)
			LoadAssemblies (160ms)
			RebuildTransferFunctionScriptingTraits (0ms)
			SetupTypeCache (461ms)
			ReleaseScriptCaches (2ms)
			RebuildScriptCaches (75ms)
			SetupLoadedEditorAssemblies (623ms)
				LogAssemblyErrors (0ms)
				InitializePlatformSupportModulesInManaged (22ms)
				SetLoadedEditorAssemblies (1ms)
				RefreshPlugins (119ms)
				BeforeProcessingInitializeOnLoad (100ms)
				ProcessInitializeOnLoadAttributes (336ms)
				ProcessInitializeOnLoadMethodAttributes (34ms)
				AfterProcessingInitializeOnLoad (12ms)
				EditorAssembliesLoaded (0ms)
			ExecutionOrderSort2 (0ms)
			AwakeInstancesAfterBackupRestoration (17ms)
Platform modules already initialized, skipping
Multiple plugins with the same name 'fbgemm' (found at 'Assets/Scripts/Python/python/Lib/site-packages/torch/lib/fbgemm.dll' and 'Assets/Scripts/Python/python/Lib/site-packages/torch/bin/fbgemm.dll'). That means one or more plugins are set to be compatible with Editor. Only one plugin at the time can be used by Editor.
Multiple plugins with the same name 'vcruntime140_1' (found at 'Assets/Scripts/Python/python/vcruntime140_1.dll' and 'Assets/Scripts/Python/python/Lib/site-packages/pandas/_libs/window/vcruntime140_1.dll'). That means one or more plugins are set to be compatible with Editor. Only one plugin at the time can be used by Editor.
Multiple plugins with the same name 'asmjit' (found at 'Assets/Scripts/Python/python/Lib/site-packages/torch/lib/asmjit.dll' and 'Assets/Scripts/Python/python/Lib/site-packages/torch/bin/asmjit.dll'). That means one or more plugins are set to be compatible with Editor. Only one plugin at the time can be used by Editor.
Refreshing native plugins compatible for Editor in 772.18 ms, found 31 plugins.
Preloading 0 native plugins for Editor in 0.00 ms.
Unloading 11582 Unused Serialized files (Serialized files now loaded: 0)
Unloading 8470 unused Assets / (1.7 MB). Loaded Objects now: 3646.
Memory consumption went from 369.5 MB to 367.8 MB.
Total: 12.210800 ms (FindLiveObjects: 1.686500 ms CreateObjectMapping: 1.946600 ms MarkObjects: 4.386500 ms  DeleteObjects: 4.188900 ms)

AssetImportParameters requested are different than current active one (requested -> active):
  custom:video-decoder-ogg-theora: a1e56fd34408186e4bbccfd4996cb3dc -> 
  custom:container-muxer-webm: aa71ff27fc2769a1b78a27578f13a17b -> 
  custom:container-demuxer-webm: 4f35f7cbe854078d1ac9338744f61a02 -> 
  custom:video-encoder-webm-vp8: eb34c28f22e8b96e1ab97ce403110664 -> 
  custom:audio-encoder-webm-vorbis: bf7c407c2cedff20999df2af8eb42d56 -> 
  custom:framework-win-MediaFoundation: 216162199b28c13a410421893ffa2e32 -> 
  custom:container-demuxer-ogg: 62fdf1f143b41e24485cea50d1cbac27 -> 
  custom:video-decoder-webm-vp8: 9c59270c3fd7afecdb556c50c9e8de78 -> 
  custom:audio-decoder-ogg-vorbis: bf7c407c2cedff20999df2af8eb42d56 -> 
========================================================================
Received Prepare
Registering precompiled user dll's ...
Registered in 0.015618 seconds.
Begin MonoManager ReloadAssembly
Symbol file LoadedFromMemory doesn't match image D:\Magang Oluss\3D_4_integrated_6\Library\PackageCache\com.unity.visualscripting@1.8.0\Editor\VisualScripting.Core\Dependencies\DotNetZip\Unity.VisualScripting.IonicZip.dll
Symbol file LoadedFromMemory doesn't match image D:\Magang Oluss\3D_4_integrated_6\Library\PackageCache\com.unity.visualscripting@1.8.0\Editor\VisualScripting.Core\Dependencies\YamlDotNet\Unity.VisualScripting.YamlDotNet.dll
Native extension for WindowsStandalone target not found
Multiple plugins with the same name 'fbgemm' (found at 'Assets/Scripts/Python/python/Lib/site-packages/torch/lib/fbgemm.dll' and 'Assets/Scripts/Python/python/Lib/site-packages/torch/bin/fbgemm.dll'). That means one or more plugins are set to be compatible with Editor. Only one plugin at the time can be used by Editor.
Multiple plugins with the same name 'vcruntime140_1' (found at 'Assets/Scripts/Python/python/vcruntime140_1.dll' and 'Assets/Scripts/Python/python/Lib/site-packages/pandas/_libs/window/vcruntime140_1.dll'). That means one or more plugins are set to be compatible with Editor. Only one plugin at the time can be used by Editor.
Multiple plugins with the same name 'asmjit' (found at 'Assets/Scripts/Python/python/Lib/site-packages/torch/lib/asmjit.dll' and 'Assets/Scripts/Python/python/Lib/site-packages/torch/bin/asmjit.dll'). That means one or more plugins are set to be compatible with Editor. Only one plugin at the time can be used by Editor.
Refreshing native plugins compatible for Editor in 117.79 ms, found 31 plugins.
Preloading 0 native plugins for Editor in 0.00 ms.
Mono: successfully reloaded assembly
- Completed reload, in  1.999 seconds
Domain Reload Profiling:
	ReloadAssembly (2000ms)
		BeginReloadAssembly (266ms)
			ExecutionOrderSort (0ms)
			DisableScriptedObjects (20ms)
			BackupInstance (0ms)
			ReleaseScriptingObjects (1ms)
			CreateAndSetChildDomain (66ms)
		EndReloadAssembly (1575ms)
			LoadAssemblies (157ms)
			RebuildTransferFunctionScriptingTraits (0ms)
			SetupTypeCache (456ms)
			ReleaseScriptCaches (2ms)
			RebuildScriptCaches (71ms)
			SetupLoadedEditorAssemblies (562ms)
				LogAssemblyErrors (0ms)
				InitializePlatformSupportModulesInManaged (20ms)
				SetLoadedEditorAssemblies (1ms)
				RefreshPlugins (118ms)
				BeforeProcessingInitializeOnLoad (95ms)
				ProcessInitializeOnLoadAttributes (288ms)
				ProcessInitializeOnLoadMethodAttributes (30ms)
				AfterProcessingInitializeOnLoad (10ms)
				EditorAssembliesLoaded (0ms)
			ExecutionOrderSort2 (0ms)
			AwakeInstancesAfterBackupRestoration (16ms)
Platform modules already initialized, skipping
Multiple plugins with the same name 'fbgemm' (found at 'Assets/Scripts/Python/python/Lib/site-packages/torch/lib/fbgemm.dll' and 'Assets/Scripts/Python/python/Lib/site-packages/torch/bin/fbgemm.dll'). That means one or more plugins are set to be compatible with Editor. Only one plugin at the time can be used by Editor.
Multiple plugins with the same name 'vcruntime140_1' (found at 'Assets/Scripts/Python/python/vcruntime140_1.dll' and 'Assets/Scripts/Python/python/Lib/site-packages/pandas/_libs/window/vcruntime140_1.dll'). That means one or more plugins are set to be compatible with Editor. Only one plugin at the time can be used by Editor.
Multiple plugins with the same name 'asmjit' (found at 'Assets/Scripts/Python/python/Lib/site-packages/torch/lib/asmjit.dll' and 'Assets/Scripts/Python/python/Lib/site-packages/torch/bin/asmjit.dll'). That means one or more plugins are set to be compatible with Editor. Only one plugin at the time can be used by Editor.
Refreshing native plugins compatible for Editor in 748.49 ms, found 31 plugins.
Preloading 0 native plugins for Editor in 0.00 ms.
Unloading 11582 Unused Serialized files (Serialized files now loaded: 0)
Unloading 8470 unused Assets / (1.9 MB). Loaded Objects now: 3649.
Memory consumption went from 369.5 MB to 367.6 MB.
Total: 14.117500 ms (FindLiveObjects: 1.759000 ms CreateObjectMapping: 2.372200 ms MarkObjects: 5.063300 ms  DeleteObjects: 4.921200 ms)

AssetImportParameters requested are different than current active one (requested -> active):
  custom:video-decoder-ogg-theora: a1e56fd34408186e4bbccfd4996cb3dc -> 
  custom:container-muxer-webm: aa71ff27fc2769a1b78a27578f13a17b -> 
  custom:container-demuxer-webm: 4f35f7cbe854078d1ac9338744f61a02 -> 
  custom:video-encoder-webm-vp8: eb34c28f22e8b96e1ab97ce403110664 -> 
  custom:audio-encoder-webm-vorbis: bf7c407c2cedff20999df2af8eb42d56 -> 
  custom:framework-win-MediaFoundation: 216162199b28c13a410421893ffa2e32 -> 
  custom:container-demuxer-ogg: 62fdf1f143b41e24485cea50d1cbac27 -> 
  custom:video-decoder-webm-vp8: 9c59270c3fd7afecdb556c50c9e8de78 -> 
  custom:audio-decoder-ogg-vorbis: bf7c407c2cedff20999df2af8eb42d56 -> 
